<?xml version="1.0" encoding="UTF-8"?>
<testsuite xmlns:xsi="http://www.w3.org/2001/XMLSchema-instance" xsi:noNamespaceSchemaLocation="https://maven.apache.org/surefire/maven-surefire-plugin/xsd/surefire-test-report-3.0.xsd" version="3.0" name="cadastro_service.ProcessoControllerTest" time="6.697" tests="5" errors="0" skipped="0" failures="0">
  <properties>
[...]
</properties>
  <testcase name="atualizarProcesso" classname="cadastro_service.ProcessoControllerTest" time="0.647">
    <system-out><![CDATA[
  .   ____          _            __ _ _
 /\\ / ___'_ __ _ _(_)_ __  __ _ \ \ \ \
( ( )\___ | '_ | '_| | '_ \/ _` | \ \ \ \
 \\/  ___)| |_)| | | | | || (_| |  ) ) ) )
  '  |____| .__|_| |_|_| |_\__, | / / / /
 =========|_|==============|___/=/_/_/_/
 :: Spring Boot ::                (v3.1.2)

2024-11-21T19:20:00.247-03:00  INFO 47564 --- [           main] c.ProcessoControllerTest                 : Starting ProcessoControllerTest using Java 22.0.1 with PID 47564 (started by MARCELO in C:\PROJETOS\PocEquilibirum\cadastro_service)
2024-11-21T19:20:00.251-03:00  INFO 47564 --- [           main] c.ProcessoControllerTest                 : No active profile set, falling back to 1 default profile: "default"
2024-11-21T19:20:00.252-03:00 DEBUG 47564 --- [           main] o.s.boot.SpringApplication               : Loading source class processo.CadastroServiceApplication
2024-11-21T19:20:00.285-03:00 DEBUG 47564 --- [           main] o.s.w.c.s.GenericWebApplicationContext   : Refreshing org.springframework.web.context.support.GenericWebApplicationContext@58783f6c
2024-11-21T19:20:00.326-03:00 DEBUG 47564 --- [           main] o.s.b.f.s.DefaultListableBeanFactory     : Creating shared instance of singleton bean 'org.springframework.context.annotation.internalConfigurationAnnotationProcessor'
2024-11-21T19:20:00.347-03:00 DEBUG 47564 --- [           main] o.s.b.f.s.DefaultListableBeanFactory     : Creating shared instance of singleton bean 'org.springframework.boot.autoconfigure.internalCachingMetadataReaderFactory'
2024-11-21T19:20:00.531-03:00 DEBUG 47564 --- [           main] o.s.c.a.ClassPathBeanDefinitionScanner   : Identified candidate component class: file [C:\PROJETOS\PocEquilibirum\cadastro_service\target\classes\processo\controller\ProcessoController.class]
2024-11-21T19:20:01.239-03:00 DEBUG 47564 --- [           main] o.s.b.f.s.DefaultListableBeanFactory     : Creating shared instance of singleton bean 'org.springframework.boot.test.context.ImportsContextCustomizer$ImportsCleanupPostProcessor'
2024-11-21T19:20:01.380-03:00 DEBUG 47564 --- [           main] o.s.b.f.s.DefaultListableBeanFactory     : Creating shared instance of singleton bean 'org.springframework.boot.test.mock.mockito.MockitoPostProcessor'
2024-11-21T19:20:02.805-03:00 DEBUG 47564 --- [           main] o.s.b.f.s.DefaultListableBeanFactory     : Creating shared instance of singleton bean 'org.springframework.context.event.internalEventListenerProcessor'
2024-11-21T19:20:02.808-03:00 DEBUG 47564 --- [           main] o.s.b.f.s.DefaultListableBeanFactory     : Creating shared instance of singleton bean 'preserveErrorControllerTargetClassPostProcessor'
2024-11-21T19:20:02.812-03:00 DEBUG 47564 --- [           main] o.s.b.f.s.DefaultListableBeanFactory     : Creating shared instance of singleton bean 'org.springframework.context.event.internalEventListenerFactory'
2024-11-21T19:20:02.822-03:00 DEBUG 47564 --- [           main] o.s.b.f.s.DefaultListableBeanFactory     : Creating shared instance of singleton bean 'org.springframework.context.annotation.internalAutowiredAnnotationProcessor'
2024-11-21T19:20:02.828-03:00 DEBUG 47564 --- [           main] o.s.b.f.s.DefaultListableBeanFactory     : Creating shared instance of singleton bean 'org.springframework.context.annotation.internalCommonAnnotationProcessor'
2024-11-21T19:20:02.842-03:00 DEBUG 47564 --- [           main] o.s.b.f.s.DefaultListableBeanFactory     : Creating shared instance of singleton bean 'org.springframework.context.annotation.internalPersistenceAnnotationProcessor'
2024-11-21T19:20:02.844-03:00 DEBUG 47564 --- [           main] o.s.b.f.s.DefaultListableBeanFactory     : Creating shared instance of singleton bean 'org.springframework.boot.test.mock.mockito.MockitoPostProcessor$SpyPostProcessor'
2024-11-21T19:20:02.846-03:00 DEBUG 47564 --- [           main] o.s.b.f.s.DefaultListableBeanFactory     : Creating shared instance of singleton bean 'org.springframework.boot.context.properties.ConfigurationPropertiesBindingPostProcessor'
2024-11-21T19:20:02.847-03:00 DEBUG 47564 --- [           main] o.s.b.f.s.DefaultListableBeanFactory     : Creating shared instance of singleton bean 'org.springframework.boot.context.internalConfigurationPropertiesBinder'
2024-11-21T19:20:02.858-03:00 DEBUG 47564 --- [           main] o.s.b.f.s.DefaultListableBeanFactory     : Creating shared instance of singleton bean 'methodValidationPostProcessor'
2024-11-21T19:20:02.874-03:00 DEBUG 47564 --- [           main] o.s.b.f.s.DefaultListableBeanFactory     : Autowiring by type from bean name 'methodValidationPostProcessor' via factory method to bean named 'environment'
2024-11-21T19:20:02.882-03:00 DEBUG 47564 --- [           main] o.s.b.f.s.DefaultListableBeanFactory     : Creating shared instance of singleton bean 'org.springframework.boot.context.properties.EnableConfigurationPropertiesRegistrar.methodValidationExcludeFilter'
2024-11-21T19:20:02.958-03:00 DEBUG 47564 --- [           main] o.s.b.f.s.DefaultListableBeanFactory     : Creating shared instance of singleton bean 'projectingArgumentResolverBeanPostProcessor'
2024-11-21T19:20:03.022-03:00 DEBUG 47564 --- [           main] o.s.u.c.s.UiApplicationContextUtils      : Unable to locate ThemeSource with name 'themeSource': using default [org.springframework.ui.context.support.ResourceBundleThemeSource@7a83ccd2]
2024-11-21T19:20:03.025-03:00 DEBUG 47564 --- [           main] o.s.b.f.s.DefaultListableBeanFactory     : Creating shared instance of singleton bean 'cadastroServiceApplication'
2024-11-21T19:20:03.036-03:00 DEBUG 47564 --- [           main] o.s.b.f.s.DefaultListableBeanFactory     : Creating shared instance of singleton bean 'processoController'
2024-11-21T19:20:03.190-03:00 DEBUG 47564 --- [           main] o.s.b.f.s.DefaultListableBeanFactory     : Creating shared instance of singleton bean 'pathPatternParser'
2024-11-21T19:20:03.197-03:00 DEBUG 47564 --- [           main] o.s.b.f.s.DefaultListableBeanFactory     : Creating shared instance of singleton bean 'restTemplate'
2024-11-21T19:20:03.285-03:00 DEBUG 47564 --- [           main] o.s.b.f.s.DefaultListableBeanFactory     : Creating shared instance of singleton bean 'org.springframework.boot.autoconfigure.AutoConfigurationPackages'
2024-11-21T19:20:03.287-03:00 DEBUG 47564 --- [           main] o.s.b.f.s.DefaultListableBeanFactory     : Creating shared instance of singleton bean 'org.springframework.boot.autoconfigure.task.TaskExecutionAutoConfiguration'
2024-11-21T19:20:03.290-03:00 DEBUG 47564 --- [           main] o.s.b.f.s.DefaultListableBeanFactory     : Creating shared instance of singleton bean 'taskExecutorBuilder'
2024-11-21T19:20:03.293-03:00 DEBUG 47564 --- [           main] o.s.b.f.s.DefaultListableBeanFactory     : Creating shared instance of singleton bean 'spring.task.execution-org.springframework.boot.autoconfigure.task.TaskExecutionProperties'
2024-11-21T19:20:03.298-03:00 DEBUG 47564 --- [           main] o.s.b.f.s.DefaultListableBeanFactory     : Creating shared instance of singleton bean 'org.springframework.boot.context.properties.BoundConfigurationProperties'
2024-11-21T19:20:03.355-03:00 DEBUG 47564 --- [           main] o.s.b.f.s.DefaultListableBeanFactory     : Autowiring by type from bean name 'taskExecutorBuilder' via factory method to bean named 'spring.task.execution-org.springframework.boot.autoconfigure.task.TaskExecutionProperties'
2024-11-21T19:20:03.362-03:00 DEBUG 47564 --- [           main] o.s.b.f.s.DefaultListableBeanFactory     : Creating shared instance of singleton bean 'org.springframework.boot.autoconfigure.validation.ValidationAutoConfiguration'
2024-11-21T19:20:03.363-03:00 DEBUG 47564 --- [           main] o.s.b.f.s.DefaultListableBeanFactory     : Creating shared instance of singleton bean 'defaultValidator'
2024-11-21T19:20:03.364-03:00 DEBUG 47564 --- [           main] o.s.b.f.s.DefaultListableBeanFactory     : Autowiring by type from bean name 'defaultValidator' via factory method to bean named 'org.springframework.web.context.support.GenericWebApplicationContext@58783f6c'
2024-11-21T19:20:03.405-03:00 DEBUG 47564 --- [           main] o.s.b.f.s.DefaultListableBeanFactory     : Creating shared instance of singleton bean 'org.springframework.boot.autoconfigure.web.servlet.error.ErrorMvcAutoConfiguration$WhitelabelErrorViewConfiguration'
2024-11-21T19:20:03.407-03:00 DEBUG 47564 --- [           main] o.s.b.f.s.DefaultListableBeanFactory     : Creating shared instance of singleton bean 'error'
2024-11-21T19:20:03.408-03:00 DEBUG 47564 --- [           main] o.s.b.f.s.DefaultListableBeanFactory     : Creating shared instance of singleton bean 'beanNameViewResolver'
2024-11-21T19:20:03.413-03:00 DEBUG 47564 --- [           main] o.s.b.f.s.DefaultListableBeanFactory     : Creating shared instance of singleton bean 'org.springframework.boot.autoconfigure.web.servlet.error.ErrorMvcAutoConfiguration$DefaultErrorViewResolverConfiguration'
2024-11-21T19:20:03.416-03:00 DEBUG 47564 --- [           main] o.s.b.f.s.DefaultListableBeanFactory     : Creating shared instance of singleton bean 'spring.web-org.springframework.boot.autoconfigure.web.WebProperties'
2024-11-21T19:20:03.433-03:00 DEBUG 47564 --- [           main] o.s.b.f.s.DefaultListableBeanFactory     : Autowiring by type from bean name 'org.springframework.boot.autoconfigure.web.servlet.error.ErrorMvcAutoConfiguration$DefaultErrorViewResolverConfiguration' via constructor to bean named 'org.springframework.web.context.support.GenericWebApplicationContext@58783f6c'
2024-11-21T19:20:03.433-03:00 DEBUG 47564 --- [           main] o.s.b.f.s.DefaultListableBeanFactory     : Autowiring by type from bean name 'org.springframework.boot.autoconfigure.web.servlet.error.ErrorMvcAutoConfiguration$DefaultErrorViewResolverConfiguration' via constructor to bean named 'spring.web-org.springframework.boot.autoconfigure.web.WebProperties'
2024-11-21T19:20:03.437-03:00 DEBUG 47564 --- [           main] o.s.b.f.s.DefaultListableBeanFactory     : Creating shared instance of singleton bean 'spring.mvc-org.springframework.boot.autoconfigure.web.servlet.WebMvcProperties'
2024-11-21T19:20:03.456-03:00 DEBUG 47564 --- [           main] o.s.b.f.s.DefaultListableBeanFactory     : Creating shared instance of singleton bean 'org.springframework.boot.autoconfigure.web.servlet.error.ErrorMvcAutoConfiguration'
2024-11-21T19:20:03.457-03:00 DEBUG 47564 --- [           main] o.s.b.f.s.DefaultListableBeanFactory     : Creating shared instance of singleton bean 'server-org.springframework.boot.autoconfigure.web.ServerProperties'
2024-11-21T19:20:03.490-03:00 DEBUG 47564 --- [           main] o.s.b.f.s.DefaultListableBeanFactory     : Autowiring by type from bean name 'org.springframework.boot.autoconfigure.web.servlet.error.ErrorMvcAutoConfiguration' via constructor to bean named 'server-org.springframework.boot.autoconfigure.web.ServerProperties'
2024-11-21T19:20:03.491-03:00 DEBUG 47564 --- [           main] o.s.b.f.s.DefaultListableBeanFactory     : Creating shared instance of singleton bean 'errorAttributes'
2024-11-21T19:20:03.496-03:00 DEBUG 47564 --- [           main] o.s.b.f.s.DefaultListableBeanFactory     : Creating shared instance of singleton bean 'basicErrorController'
2024-11-21T19:20:03.497-03:00 DEBUG 47564 --- [           main] o.s.b.f.s.DefaultListableBeanFactory     : Autowiring by type from bean name 'basicErrorController' via factory method to bean named 'errorAttributes'
2024-11-21T19:20:03.509-03:00 DEBUG 47564 --- [           main] o.s.b.f.s.DefaultListableBeanFactory     : Creating shared instance of singleton bean 'errorPageCustomizer'
2024-11-21T19:20:03.510-03:00 DEBUG 47564 --- [           main] o.s.b.f.s.DefaultListableBeanFactory     : Creating shared instance of singleton bean 'dispatcherServletPath'
2024-11-21T19:20:03.510-03:00 DEBUG 47564 --- [           main] o.s.b.f.s.DefaultListableBeanFactory     : Creating shared instance of singleton bean 'org.springframework.boot.test.autoconfigure.web.servlet.MockMvcAutoConfiguration'
2024-11-21T19:20:03.511-03:00 DEBUG 47564 --- [           main] o.s.b.f.s.DefaultListableBeanFactory     : Autowiring by type from bean name 'org.springframework.boot.test.autoconfigure.web.servlet.MockMvcAutoConfiguration' via constructor to bean named 'org.springframework.web.context.support.GenericWebApplicationContext@58783f6c'
2024-11-21T19:20:03.512-03:00 DEBUG 47564 --- [           main] o.s.b.f.s.DefaultListableBeanFactory     : Autowiring by type from bean name 'org.springframework.boot.test.autoconfigure.web.servlet.MockMvcAutoConfiguration' via constructor to bean named 'spring.mvc-org.springframework.boot.autoconfigure.web.servlet.WebMvcProperties'
2024-11-21T19:20:03.515-03:00 DEBUG 47564 --- [           main] o.s.b.f.s.DefaultListableBeanFactory     : Autowiring by type from bean name 'errorPageCustomizer' via factory method to bean named 'dispatcherServletPath'
2024-11-21T19:20:03.541-03:00 DEBUG 47564 --- [           main] o.s.b.f.s.DefaultListableBeanFactory     : Creating shared instance of singleton bean 'org.springframework.boot.autoconfigure.web.servlet.WebMvcAutoConfiguration$EnableWebMvcConfiguration'
2024-11-21T19:20:03.544-03:00 DEBUG 47564 --- [           main] o.s.b.f.s.DefaultListableBeanFactory     : Autowiring by type from bean name 'org.springframework.boot.autoconfigure.web.servlet.WebMvcAutoConfiguration$EnableWebMvcConfiguration' via constructor to bean named 'spring.mvc-org.springframework.boot.autoconfigure.web.servlet.WebMvcProperties'
2024-11-21T19:20:03.544-03:00 DEBUG 47564 --- [           main] o.s.b.f.s.DefaultListableBeanFactory     : Autowiring by type from bean name 'org.springframework.boot.autoconfigure.web.servlet.WebMvcAutoConfiguration$EnableWebMvcConfiguration' via constructor to bean named 'spring.web-org.springframework.boot.autoconfigure.web.WebProperties'
2024-11-21T19:20:03.545-03:00 DEBUG 47564 --- [           main] o.s.b.f.s.DefaultListableBeanFactory     : Autowiring by type from bean name 'org.springframework.boot.autoconfigure.web.servlet.WebMvcAutoConfiguration$EnableWebMvcConfiguration' via constructor to bean named 'org.springframework.beans.factory.support.DefaultListableBeanFactory@412c995d'
2024-11-21T19:20:03.610-03:00 DEBUG 47564 --- [           main] o.s.b.f.s.DefaultListableBeanFactory     : Creating shared instance of singleton bean 'org.springframework.boot.autoconfigure.web.servlet.WebMvcAutoConfiguration$WebMvcAutoConfigurationAdapter'
2024-11-21T19:20:03.614-03:00 DEBUG 47564 --- [           main] o.s.b.f.s.DefaultListableBeanFactory     : Autowiring by type from bean name 'org.springframework.boot.autoconfigure.web.servlet.WebMvcAutoConfiguration$WebMvcAutoConfigurationAdapter' via constructor to bean named 'spring.web-org.springframework.boot.autoconfigure.web.WebProperties'
2024-11-21T19:20:03.614-03:00 DEBUG 47564 --- [           main] o.s.b.f.s.DefaultListableBeanFactory     : Autowiring by type from bean name 'org.springframework.boot.autoconfigure.web.servlet.WebMvcAutoConfiguration$WebMvcAutoConfigurationAdapter' via constructor to bean named 'spring.mvc-org.springframework.boot.autoconfigure.web.servlet.WebMvcProperties'
2024-11-21T19:20:03.614-03:00 DEBUG 47564 --- [           main] o.s.b.f.s.DefaultListableBeanFactory     : Autowiring by type from bean name 'org.springframework.boot.autoconfigure.web.servlet.WebMvcAutoConfiguration$WebMvcAutoConfigurationAdapter' via constructor to bean named 'org.springframework.beans.factory.support.DefaultListableBeanFactory@412c995d'
2024-11-21T19:20:03.621-03:00 DEBUG 47564 --- [           main] o.s.b.f.s.DefaultListableBeanFactory     : Creating shared instance of singleton bean 'org.springframework.data.web.config.SpringDataWebConfiguration'
2024-11-21T19:20:03.623-03:00 DEBUG 47564 --- [           main] o.s.b.f.s.DefaultListableBeanFactory     : Autowiring by type from bean name 'org.springframework.data.web.config.SpringDataWebConfiguration' via constructor to bean named 'org.springframework.web.context.support.GenericWebApplicationContext@58783f6c'
2024-11-21T19:20:03.627-03:00 DEBUG 47564 --- [           main] o.s.b.f.s.DefaultListableBeanFactory     : Creating shared instance of singleton bean 'requestMappingHandlerAdapter'
2024-11-21T19:20:03.630-03:00 DEBUG 47564 --- [           main] o.s.b.f.s.DefaultListableBeanFactory     : Creating shared instance of singleton bean 'mvcContentNegotiationManager'
2024-11-21T19:20:03.644-03:00 DEBUG 47564 --- [           main] o.s.b.f.s.DefaultListableBeanFactory     : Creating shared instance of singleton bean 'mvcConversionService'
2024-11-21T19:20:03.665-03:00 DEBUG 47564 --- [           main] o.s.b.f.s.DefaultListableBeanFactory     : Creating shared instance of singleton bean 'mvcValidator'
2024-11-21T19:20:03.672-03:00 DEBUG 47564 --- [           main] o.s.b.f.s.DefaultListableBeanFactory     : Autowiring by type from bean name 'requestMappingHandlerAdapter' via factory method to bean named 'mvcContentNegotiationManager'
2024-11-21T19:20:03.672-03:00 DEBUG 47564 --- [           main] o.s.b.f.s.DefaultListableBeanFactory     : Autowiring by type from bean name 'requestMappingHandlerAdapter' via factory method to bean named 'mvcConversionService'
2024-11-21T19:20:03.673-03:00 DEBUG 47564 --- [           main] o.s.b.f.s.DefaultListableBeanFactory     : Autowiring by type from bean name 'requestMappingHandlerAdapter' via factory method to bean named 'mvcValidator'
2024-11-21T19:20:03.695-03:00 DEBUG 47564 --- [           main] o.s.b.f.s.DefaultListableBeanFactory     : Creating shared instance of singleton bean 'messageConverters'
2024-11-21T19:20:03.699-03:00 DEBUG 47564 --- [           main] o.s.b.f.s.DefaultListableBeanFactory     : Creating shared instance of singleton bean 'org.springframework.boot.autoconfigure.http.HttpMessageConvertersAutoConfiguration'
2024-11-21T19:20:03.709-03:00 DEBUG 47564 --- [           main] o.s.b.f.s.DefaultListableBeanFactory     : Creating shared instance of singleton bean 'stringHttpMessageConverter'
2024-11-21T19:20:03.710-03:00 DEBUG 47564 --- [           main] o.s.b.f.s.DefaultListableBeanFactory     : Creating shared instance of singleton bean 'org.springframework.boot.autoconfigure.http.HttpMessageConvertersAutoConfiguration$StringHttpMessageConverterConfiguration'
2024-11-21T19:20:03.711-03:00 DEBUG 47564 --- [           main] o.s.b.f.s.DefaultListableBeanFactory     : Autowiring by type from bean name 'stringHttpMessageConverter' via factory method to bean named 'environment'
2024-11-21T19:20:03.726-03:00 DEBUG 47564 --- [           main] o.s.b.f.s.DefaultListableBeanFactory     : Creating shared instance of singleton bean 'mappingJackson2HttpMessageConverter'
2024-11-21T19:20:03.727-03:00 DEBUG 47564 --- [           main] o.s.b.f.s.DefaultListableBeanFactory     : Creating shared instance of singleton bean 'org.springframework.boot.autoconfigure.http.JacksonHttpMessageConvertersConfiguration$MappingJackson2HttpMessageConverterConfiguration'
2024-11-21T19:20:03.728-03:00 DEBUG 47564 --- [           main] o.s.b.f.s.DefaultListableBeanFactory     : Creating shared instance of singleton bean 'jacksonObjectMapper'
2024-11-21T19:20:03.728-03:00 DEBUG 47564 --- [           main] o.s.b.f.s.DefaultListableBeanFactory     : Creating shared instance of singleton bean 'org.springframework.boot.autoconfigure.jackson.JacksonAutoConfiguration$JacksonObjectMapperConfiguration'
2024-11-21T19:20:03.730-03:00 DEBUG 47564 --- [           main] o.s.b.f.s.DefaultListableBeanFactory     : Creating shared instance of singleton bean 'org.springframework.boot.autoconfigure.jackson.JacksonAutoConfiguration$JacksonObjectMapperBuilderConfiguration'
2024-11-21T19:20:03.732-03:00 DEBUG 47564 --- [           main] o.s.b.f.s.DefaultListableBeanFactory     : Creating shared instance of singleton bean 'standardJacksonObjectMapperBuilderCustomizer'
2024-11-21T19:20:03.732-03:00 DEBUG 47564 --- [           main] o.s.b.f.s.DefaultListableBeanFactory     : Creating shared instance of singleton bean 'org.springframework.boot.autoconfigure.jackson.JacksonAutoConfiguration$Jackson2ObjectMapperBuilderCustomizerConfiguration'
2024-11-21T19:20:03.734-03:00 DEBUG 47564 --- [           main] o.s.b.f.s.DefaultListableBeanFactory     : Creating shared instance of singleton bean 'spring.jackson-org.springframework.boot.autoconfigure.jackson.JacksonProperties'
2024-11-21T19:20:03.743-03:00 DEBUG 47564 --- [           main] o.s.b.f.s.DefaultListableBeanFactory     : Autowiring by type from bean name 'standardJacksonObjectMapperBuilderCustomizer' via factory method to bean named 'spring.jackson-org.springframework.boot.autoconfigure.jackson.JacksonProperties'
2024-11-21T19:20:03.745-03:00 DEBUG 47564 --- [           main] o.s.b.f.s.DefaultListableBeanFactory     : Creating shared instance of singleton bean 'parameterNamesModule'
2024-11-21T19:20:03.745-03:00 DEBUG 47564 --- [           main] o.s.b.f.s.DefaultListableBeanFactory     : Creating shared instance of singleton bean 'org.springframework.boot.autoconfigure.jackson.JacksonAutoConfiguration$ParameterNamesModuleConfiguration'
2024-11-21T19:20:03.757-03:00 DEBUG 47564 --- [           main] o.s.b.f.s.DefaultListableBeanFactory     : Creating shared instance of singleton bean 'jsonMixinModule'
2024-11-21T19:20:03.757-03:00 DEBUG 47564 --- [           main] o.s.b.f.s.DefaultListableBeanFactory     : Creating shared instance of singleton bean 'org.springframework.boot.autoconfigure.jackson.JacksonAutoConfiguration$JacksonMixinConfiguration'
2024-11-21T19:20:03.759-03:00 DEBUG 47564 --- [           main] o.s.b.f.s.DefaultListableBeanFactory     : Creating shared instance of singleton bean 'jsonMixinModuleEntries'
2024-11-21T19:20:03.759-03:00 DEBUG 47564 --- [           main] o.s.b.f.s.DefaultListableBeanFactory     : Autowiring by type from bean name 'jsonMixinModuleEntries' via factory method to bean named 'org.springframework.web.context.support.GenericWebApplicationContext@58783f6c'
2024-11-21T19:20:03.760-03:00 DEBUG 47564 --- [           main] o.s.b.a.AutoConfigurationPackages        : @EnableAutoConfiguration was declared on a class in the package 'processo'. Automatic @Repository and @Entity scanning is enabled.
2024-11-21T19:20:03.773-03:00 DEBUG 47564 --- [           main] o.s.b.f.s.DefaultListableBeanFactory     : Autowiring by type from bean name 'jsonMixinModule' via factory method to bean named 'org.springframework.web.context.support.GenericWebApplicationContext@58783f6c'
2024-11-21T19:20:03.773-03:00 DEBUG 47564 --- [           main] o.s.b.f.s.DefaultListableBeanFactory     : Autowiring by type from bean name 'jsonMixinModule' via factory method to bean named 'jsonMixinModuleEntries'
2024-11-21T19:20:03.777-03:00 DEBUG 47564 --- [           main] o.s.b.f.s.DefaultListableBeanFactory     : Creating shared instance of singleton bean 'jsonComponentModule'
2024-11-21T19:20:03.777-03:00 DEBUG 47564 --- [           main] o.s.b.f.s.DefaultListableBeanFactory     : Creating shared instance of singleton bean 'org.springframework.boot.autoconfigure.jackson.JacksonAutoConfiguration'
2024-11-21T19:20:03.783-03:00 DEBUG 47564 --- [           main] o.s.b.f.s.DefaultListableBeanFactory     : Creating shared instance of singleton bean 'jacksonGeoModule'
2024-11-21T19:20:03.783-03:00 DEBUG 47564 --- [           main] o.s.b.f.s.DefaultListableBeanFactory     : Creating shared instance of singleton bean 'org.springframework.data.web.config.SpringDataJacksonConfiguration'
2024-11-21T19:20:03.791-03:00 DEBUG 47564 --- [           main] o.s.b.f.s.DefaultListableBeanFactory     : Autowiring by type from bean name 'jacksonObjectMapperBuilder' via factory method to bean named 'org.springframework.web.context.support.GenericWebApplicationContext@58783f6c'
2024-11-21T19:20:03.792-03:00 DEBUG 47564 --- [           main] o.s.b.f.s.DefaultListableBeanFactory     : Autowiring by type from bean name 'jacksonObjectMapperBuilder' via factory method to bean named 'standardJacksonObjectMapperBuilderCustomizer'
2024-11-21T19:20:03.796-03:00 DEBUG 47564 --- [           main] o.s.b.f.s.DefaultListableBeanFactory     : Autowiring by type from bean name 'jacksonObjectMapper' via factory method to bean named 'jacksonObjectMapperBuilder'
2024-11-21T19:20:03.827-03:00 DEBUG 47564 --- [           main] o.s.b.f.s.DefaultListableBeanFactory     : Autowiring by type from bean name 'mappingJackson2HttpMessageConverter' via factory method to bean named 'jacksonObjectMapper'
2024-11-21T19:20:03.890-03:00 DEBUG 47564 --- [           main] o.s.b.f.s.DefaultListableBeanFactory     : Creating shared instance of singleton bean 'sortResolver'
2024-11-21T19:20:03.894-03:00 DEBUG 47564 --- [           main] o.s.b.f.s.DefaultListableBeanFactory     : Creating shared instance of singleton bean 'sortCustomizer'
2024-11-21T19:20:03.894-03:00 DEBUG 47564 --- [           main] o.s.b.f.s.DefaultListableBeanFactory     : Creating shared instance of singleton bean 'org.springframework.boot.autoconfigure.data.web.SpringDataWebAutoConfiguration'
2024-11-21T19:20:03.895-03:00 DEBUG 47564 --- [           main] o.s.b.f.s.DefaultListableBeanFactory     : Creating shared instance of singleton bean 'spring.data.web-org.springframework.boot.autoconfigure.data.web.SpringDataWebProperties'
2024-11-21T19:20:03.897-03:00 DEBUG 47564 --- [           main] o.s.b.f.s.DefaultListableBeanFactory     : Autowiring by type from bean name 'org.springframework.boot.autoconfigure.data.web.SpringDataWebAutoConfiguration' via constructor to bean named 'spring.data.web-org.springframework.boot.autoconfigure.data.web.SpringDataWebProperties'
2024-11-21T19:20:03.904-03:00 DEBUG 47564 --- [           main] o.s.b.f.s.DefaultListableBeanFactory     : Creating shared instance of singleton bean 'pageableResolver'
2024-11-21T19:20:03.907-03:00 DEBUG 47564 --- [           main] o.s.b.f.s.DefaultListableBeanFactory     : Creating shared instance of singleton bean 'pageableCustomizer'
2024-11-21T19:20:03.913-03:00 DEBUG 47564 --- [           main] o.s.b.f.s.DefaultListableBeanFactory     : Creating shared instance of singleton bean 'applicationTaskExecutor'
2024-11-21T19:20:03.914-03:00 DEBUG 47564 --- [           main] o.s.b.f.s.DefaultListableBeanFactory     : Autowiring by type from bean name 'applicationTaskExecutor' via factory method to bean named 'taskExecutorBuilder'
2024-11-21T19:20:03.936-03:00 DEBUG 47564 --- [           main] o.s.s.concurrent.ThreadPoolTaskExecutor  : Initializing ExecutorService 'applicationTaskExecutor'
2024-11-21T19:20:03.957-03:00 DEBUG 47564 --- [           main] s.w.s.m.m.a.RequestMappingHandlerAdapter : ControllerAdvice beans: 0 @ModelAttribute, 0 @InitBinder, 1 RequestBodyAdvice, 1 ResponseBodyAdvice
2024-11-21T19:20:04.005-03:00 DEBUG 47564 --- [           main] o.s.b.f.s.DefaultListableBeanFactory     : Creating shared instance of singleton bean 'welcomePageHandlerMapping'
2024-11-21T19:20:04.006-03:00 DEBUG 47564 --- [           main] o.s.b.f.s.DefaultListableBeanFactory     : Creating shared instance of singleton bean 'mvcResourceUrlProvider'
2024-11-21T19:20:04.009-03:00 DEBUG 47564 --- [           main] o.s.b.f.s.DefaultListableBeanFactory     : Autowiring by type from bean name 'welcomePageHandlerMapping' via factory method to bean named 'org.springframework.web.context.support.GenericWebApplicationContext@58783f6c'
2024-11-21T19:20:04.009-03:00 DEBUG 47564 --- [           main] o.s.b.f.s.DefaultListableBeanFactory     : Autowiring by type from bean name 'welcomePageHandlerMapping' via factory method to bean named 'mvcConversionService'
2024-11-21T19:20:04.009-03:00 DEBUG 47564 --- [           main] o.s.b.f.s.DefaultListableBeanFactory     : Autowiring by type from bean name 'welcomePageHandlerMapping' via factory method to bean named 'mvcResourceUrlProvider'
2024-11-21T19:20:04.039-03:00 DEBUG 47564 --- [           main] o.s.b.f.s.DefaultListableBeanFactory     : Creating shared instance of singleton bean 'welcomePageNotAcceptableHandlerMapping'
2024-11-21T19:20:04.040-03:00 DEBUG 47564 --- [           main] o.s.b.f.s.DefaultListableBeanFactory     : Autowiring by type from bean name 'welcomePageNotAcceptableHandlerMapping' via factory method to bean named 'org.springframework.web.context.support.GenericWebApplicationContext@58783f6c'
2024-11-21T19:20:04.040-03:00 DEBUG 47564 --- [           main] o.s.b.f.s.DefaultListableBeanFactory     : Autowiring by type from bean name 'welcomePageNotAcceptableHandlerMapping' via factory method to bean named 'mvcConversionService'
2024-11-21T19:20:04.040-03:00 DEBUG 47564 --- [           main] o.s.b.f.s.DefaultListableBeanFactory     : Autowiring by type from bean name 'welcomePageNotAcceptableHandlerMapping' via factory method to bean named 'mvcResourceUrlProvider'
2024-11-21T19:20:04.047-03:00 DEBUG 47564 --- [           main] o.s.b.f.s.DefaultListableBeanFactory     : Creating shared instance of singleton bean 'localeResolver'
2024-11-21T19:20:04.050-03:00 DEBUG 47564 --- [           main] o.s.b.f.s.DefaultListableBeanFactory     : Creating shared instance of singleton bean 'themeResolver'
2024-11-21T19:20:04.053-03:00 DEBUG 47564 --- [           main] o.s.b.f.s.DefaultListableBeanFactory     : Creating shared instance of singleton bean 'flashMapManager'
2024-11-21T19:20:04.057-03:00 DEBUG 47564 --- [           main] o.s.b.f.s.DefaultListableBeanFactory     : Creating shared instance of singleton bean 'requestMappingHandlerMapping'
2024-11-21T19:20:04.059-03:00 DEBUG 47564 --- [           main] o.s.b.f.s.DefaultListableBeanFactory     : Autowiring by type from bean name 'requestMappingHandlerMapping' via factory method to bean named 'mvcContentNegotiationManager'
2024-11-21T19:20:04.059-03:00 DEBUG 47564 --- [           main] o.s.b.f.s.DefaultListableBeanFactory     : Autowiring by type from bean name 'requestMappingHandlerMapping' via factory method to bean named 'mvcConversionService'
2024-11-21T19:20:04.059-03:00 DEBUG 47564 --- [           main] o.s.b.f.s.DefaultListableBeanFactory     : Autowiring by type from bean name 'requestMappingHandlerMapping' via factory method to bean named 'mvcResourceUrlProvider'
2024-11-21T19:20:04.158-03:00 DEBUG 47564 --- [           main] s.w.s.m.m.a.RequestMappingHandlerMapping : 6 mappings in 'requestMappingHandlerMapping'
2024-11-21T19:20:04.158-03:00 DEBUG 47564 --- [           main] o.s.b.f.s.DefaultListableBeanFactory     : Creating shared instance of singleton bean 'mvcPatternParser'
2024-11-21T19:20:04.159-03:00 DEBUG 47564 --- [           main] o.s.b.f.s.DefaultListableBeanFactory     : Creating shared instance of singleton bean 'mvcUrlPathHelper'
2024-11-21T19:20:04.160-03:00 DEBUG 47564 --- [           main] o.s.b.f.s.DefaultListableBeanFactory     : Creating shared instance of singleton bean 'mvcPathMatcher'
2024-11-21T19:20:04.161-03:00 DEBUG 47564 --- [           main] o.s.b.f.s.DefaultListableBeanFactory     : Creating shared instance of singleton bean 'viewControllerHandlerMapping'
2024-11-21T19:20:04.162-03:00 DEBUG 47564 --- [           main] o.s.b.f.s.DefaultListableBeanFactory     : Autowiring by type from bean name 'viewControllerHandlerMapping' via factory method to bean named 'mvcConversionService'
2024-11-21T19:20:04.162-03:00 DEBUG 47564 --- [           main] o.s.b.f.s.DefaultListableBeanFactory     : Autowiring by type from bean name 'viewControllerHandlerMapping' via factory method to bean named 'mvcResourceUrlProvider'
2024-11-21T19:20:04.163-03:00 DEBUG 47564 --- [           main] o.s.b.f.s.DefaultListableBeanFactory     : Creating shared instance of singleton bean 'beanNameHandlerMapping'
2024-11-21T19:20:04.164-03:00 DEBUG 47564 --- [           main] o.s.b.f.s.DefaultListableBeanFactory     : Autowiring by type from bean name 'beanNameHandlerMapping' via factory method to bean named 'mvcConversionService'
2024-11-21T19:20:04.164-03:00 DEBUG 47564 --- [           main] o.s.b.f.s.DefaultListableBeanFactory     : Autowiring by type from bean name 'beanNameHandlerMapping' via factory method to bean named 'mvcResourceUrlProvider'
2024-11-21T19:20:04.166-03:00 DEBUG 47564 --- [           main] o.s.b.f.s.DefaultListableBeanFactory     : Creating shared instance of singleton bean 'routerFunctionMapping'
2024-11-21T19:20:04.168-03:00 DEBUG 47564 --- [           main] o.s.b.f.s.DefaultListableBeanFactory     : Autowiring by type from bean name 'routerFunctionMapping' via factory method to bean named 'mvcConversionService'
2024-11-21T19:20:04.168-03:00 DEBUG 47564 --- [           main] o.s.b.f.s.DefaultListableBeanFactory     : Autowiring by type from bean name 'routerFunctionMapping' via factory method to bean named 'mvcResourceUrlProvider'
2024-11-21T19:20:04.192-03:00 DEBUG 47564 --- [           main] o.s.b.f.s.DefaultListableBeanFactory     : Creating shared instance of singleton bean 'resourceHandlerMapping'
2024-11-21T19:20:04.232-03:00 DEBUG 47564 --- [           main] o.s.b.f.s.DefaultListableBeanFactory     : Autowiring by type from bean name 'resourceHandlerMapping' via factory method to bean named 'mvcContentNegotiationManager'
2024-11-21T19:20:04.232-03:00 DEBUG 47564 --- [           main] o.s.b.f.s.DefaultListableBeanFactory     : Autowiring by type from bean name 'resourceHandlerMapping' via factory method to bean named 'mvcConversionService'
2024-11-21T19:20:04.232-03:00 DEBUG 47564 --- [           main] o.s.b.f.s.DefaultListableBeanFactory     : Autowiring by type from bean name 'resourceHandlerMapping' via factory method to bean named 'mvcResourceUrlProvider'
2024-11-21T19:20:04.365-03:00 DEBUG 47564 --- [           main] o.s.w.s.handler.SimpleUrlHandlerMapping  : Patterns [/webjars/**, /**] in 'resourceHandlerMapping'
2024-11-21T19:20:04.366-03:00 DEBUG 47564 --- [           main] o.s.b.f.s.DefaultListableBeanFactory     : Creating shared instance of singleton bean 'defaultServletHandlerMapping'
2024-11-21T19:20:04.368-03:00 DEBUG 47564 --- [           main] o.s.b.f.s.DefaultListableBeanFactory     : Creating shared instance of singleton bean 'handlerFunctionAdapter'
2024-11-21T19:20:04.374-03:00 DEBUG 47564 --- [           main] o.s.b.f.s.DefaultListableBeanFactory     : Creating shared instance of singleton bean 'mvcUriComponentsContributor'
2024-11-21T19:20:04.377-03:00 DEBUG 47564 --- [           main] o.s.b.f.s.DefaultListableBeanFactory     : Autowiring by type from bean name 'mvcUriComponentsContributor' via factory method to bean named 'mvcConversionService'
2024-11-21T19:20:04.378-03:00 DEBUG 47564 --- [           main] o.s.b.f.s.DefaultListableBeanFactory     : Autowiring by type from bean name 'mvcUriComponentsContributor' via factory method to bean named 'requestMappingHandlerAdapter'
2024-11-21T19:20:04.380-03:00 DEBUG 47564 --- [           main] o.s.b.f.s.DefaultListableBeanFactory     : Creating shared instance of singleton bean 'httpRequestHandlerAdapter'
2024-11-21T19:20:04.384-03:00 DEBUG 47564 --- [           main] o.s.b.f.s.DefaultListableBeanFactory     : Creating shared instance of singleton bean 'simpleControllerHandlerAdapter'
2024-11-21T19:20:04.387-03:00 DEBUG 47564 --- [           main] o.s.b.f.s.DefaultListableBeanFactory     : Creating shared instance of singleton bean 'handlerExceptionResolver'
2024-11-21T19:20:04.388-03:00 DEBUG 47564 --- [           main] o.s.b.f.s.DefaultListableBeanFactory     : Autowiring by type from bean name 'handlerExceptionResolver' via factory method to bean named 'mvcContentNegotiationManager'
2024-11-21T19:20:04.392-03:00 DEBUG 47564 --- [           main] .m.m.a.ExceptionHandlerExceptionResolver : ControllerAdvice beans: 0 @ExceptionHandler, 1 ResponseBodyAdvice
2024-11-21T19:20:04.397-03:00 DEBUG 47564 --- [           main] o.s.b.f.s.DefaultListableBeanFactory     : Creating shared instance of singleton bean 'mvcViewResolver'
2024-11-21T19:20:04.399-03:00 DEBUG 47564 --- [           main] o.s.b.f.s.DefaultListableBeanFactory     : Autowiring by type from bean name 'mvcViewResolver' via factory method to bean named 'mvcContentNegotiationManager'
2024-11-21T19:20:04.439-03:00 DEBUG 47564 --- [           main] o.s.b.f.s.DefaultListableBeanFactory     : Creating shared instance of singleton bean 'viewNameTranslator'
2024-11-21T19:20:04.442-03:00 DEBUG 47564 --- [           main] o.s.b.f.s.DefaultListableBeanFactory     : Creating shared instance of singleton bean 'defaultViewResolver'
2024-11-21T19:20:04.466-03:00 DEBUG 47564 --- [           main] o.s.b.f.s.DefaultListableBeanFactory     : Creating shared instance of singleton bean 'viewResolver'
2024-11-21T19:20:04.468-03:00 DEBUG 47564 --- [           main] o.s.b.f.s.DefaultListableBeanFactory     : Autowiring by type from bean name 'viewResolver' via factory method to bean named 'org.springframework.beans.factory.support.DefaultListableBeanFactory@412c995d'
2024-11-21T19:20:04.493-03:00 DEBUG 47564 --- [           main] o.s.b.f.s.DefaultListableBeanFactory     : Creating shared instance of singleton bean 'viewResolver'
2024-11-21T19:20:04.495-03:00 DEBUG 47564 --- [           main] o.s.b.f.s.DefaultListableBeanFactory     : Creating shared instance of singleton bean 'requestContextFilter'
2024-11-21T19:20:04.499-03:00 DEBUG 47564 --- [           main] o.s.b.f.s.DefaultListableBeanFactory     : Creating shared instance of singleton bean 'org.springframework.boot.autoconfigure.web.servlet.WebMvcAutoConfiguration'
2024-11-21T19:20:04.500-03:00 DEBUG 47564 --- [           main] o.s.b.f.s.DefaultListableBeanFactory     : Creating shared instance of singleton bean 'formContentFilter'
2024-11-21T19:20:04.505-03:00 DEBUG 47564 --- [           main] o.s.b.f.s.DefaultListableBeanFactory     : Creating shared instance of singleton bean 'org.springframework.boot.autoconfigure.http.JacksonHttpMessageConvertersConfiguration'
2024-11-21T19:20:04.505-03:00 DEBUG 47564 --- [           main] o.s.b.f.s.DefaultListableBeanFactory     : Creating shared instance of singleton bean 'org.springframework.data.web.config.ProjectingArgumentResolverRegistrar'
2024-11-21T19:20:04.506-03:00 DEBUG 47564 --- [           main] o.s.b.f.s.DefaultListableBeanFactory     : Creating shared instance of singleton bean 'org.springframework.boot.autoconfigure.web.servlet.HttpEncodingAutoConfiguration'
2024-11-21T19:20:04.508-03:00 DEBUG 47564 --- [           main] o.s.b.f.s.DefaultListableBeanFactory     : Autowiring by type from bean name 'org.springframework.boot.autoconfigure.web.servlet.HttpEncodingAutoConfiguration' via constructor to bean named 'server-org.springframework.boot.autoconfigure.web.ServerProperties'
2024-11-21T19:20:04.568-03:00 DEBUG 47564 --- [           main] o.s.b.f.s.DefaultListableBeanFactory     : Creating shared instance of singleton bean 'characterEncodingFilter'
2024-11-21T19:20:04.572-03:00 DEBUG 47564 --- [           main] o.s.b.f.s.DefaultListableBeanFactory     : Creating shared instance of singleton bean 'localeCharsetMappingsCustomizer'
2024-11-21T19:20:04.576-03:00 DEBUG 47564 --- [           main] o.s.b.f.s.DefaultListableBeanFactory     : Creating shared instance of singleton bean 'mockMvcBuilder'
2024-11-21T19:20:04.577-03:00 DEBUG 47564 --- [           main] o.s.b.f.s.DefaultListableBeanFactory     : Creating shared instance of singleton bean 'springBootMockMvcBuilderCustomizer'
2024-11-21T19:20:04.584-03:00 DEBUG 47564 --- [           main] o.s.b.f.s.DefaultListableBeanFactory     : Autowiring by type from bean name 'mockMvcBuilder' via factory method to bean named 'springBootMockMvcBuilderCustomizer'
2024-11-21T19:20:04.596-03:00 DEBUG 47564 --- [           main] o.s.b.w.s.ServletContextInitializerBeans : Mapping filters: characterEncodingFilter urls=[/*] order=-2147483648, formContentFilter urls=[/*] order=-9900, requestContextFilter urls=[/*] order=-105
2024-11-21T19:20:04.596-03:00 DEBUG 47564 --- [           main] o.s.b.w.s.ServletContextInitializerBeans : Mapping servlets: 
2024-11-21T19:20:04.605-03:00 DEBUG 47564 --- [           main] o.s.b.f.s.DefaultListableBeanFactory     : Creating shared instance of singleton bean 'mockMvc'
2024-11-21T19:20:04.626-03:00 DEBUG 47564 --- [           main] o.s.b.f.s.DefaultListableBeanFactory     : Autowiring by type from bean name 'mockMvc' via factory method to bean named 'mockMvcBuilder'
2024-11-21T19:20:04.648-03:00  INFO 47564 --- [           main] o.s.b.t.m.w.SpringBootMockServletContext : Initializing Spring TestDispatcherServlet ''
2024-11-21T19:20:04.648-03:00  INFO 47564 --- [           main] o.s.t.web.servlet.TestDispatcherServlet  : Initializing Servlet ''
2024-11-21T19:20:04.649-03:00 DEBUG 47564 --- [           main] o.s.t.web.servlet.TestDispatcherServlet  : Detected AcceptHeaderLocaleResolver
2024-11-21T19:20:04.650-03:00 DEBUG 47564 --- [           main] o.s.t.web.servlet.TestDispatcherServlet  : Detected FixedThemeResolver
2024-11-21T19:20:04.652-03:00 DEBUG 47564 --- [           main] o.s.t.web.servlet.TestDispatcherServlet  : Detected org.springframework.web.servlet.view.DefaultRequestToViewNameTranslator@7d401cdc
2024-11-21T19:20:04.652-03:00 DEBUG 47564 --- [           main] o.s.t.web.servlet.TestDispatcherServlet  : Detected org.springframework.web.servlet.support.SessionFlashMapManager@7a358613
2024-11-21T19:20:04.654-03:00 DEBUG 47564 --- [           main] o.s.t.web.servlet.TestDispatcherServlet  : enableLoggingRequestDetails='false': request parameters and headers will be masked to prevent unsafe logging of potentially sensitive data
2024-11-21T19:20:04.657-03:00  INFO 47564 --- [           main] o.s.t.web.servlet.TestDispatcherServlet  : Completed initialization in 6 ms
2024-11-21T19:20:04.664-03:00 DEBUG 47564 --- [           main] o.s.b.f.s.DefaultListableBeanFactory     : Creating shared instance of singleton bean 'dispatcherServlet'
2024-11-21T19:20:04.665-03:00 DEBUG 47564 --- [           main] o.s.b.f.s.DefaultListableBeanFactory     : Autowiring by type from bean name 'dispatcherServlet' via factory method to bean named 'mockMvc'
2024-11-21T19:20:04.699-03:00 DEBUG 47564 --- [           main] o.s.c.support.DefaultLifecycleProcessor  : Starting beans in phase -2147483647
2024-11-21T19:20:04.699-03:00 DEBUG 47564 --- [           main] o.s.c.support.DefaultLifecycleProcessor  : Successfully started bean 'springBootLoggingLifecycle'
2024-11-21T19:20:04.715-03:00 DEBUG 47564 --- [           main] .s.b.a.l.ConditionEvaluationReportLogger : 


============================
CONDITIONS EVALUATION REPORT
============================


Positive matches:
-----------------

   ErrorMvcAutoConfiguration matched:
      - @ConditionalOnClass found required classes 'jakarta.servlet.Servlet', 'org.springframework.web.servlet.DispatcherServlet' (OnClassCondition)
      - found 'session' scope (OnWebApplicationCondition)

   ErrorMvcAutoConfiguration#basicErrorController matched:
      - @ConditionalOnMissingBean (types: org.springframework.boot.web.servlet.error.ErrorController; SearchStrategy: current) did not find any beans (OnBeanCondition)

   ErrorMvcAutoConfiguration#errorAttributes matched:
      - @ConditionalOnMissingBean (types: org.springframework.boot.web.servlet.error.ErrorAttributes; SearchStrategy: current) did not find any beans (OnBeanCondition)

   ErrorMvcAutoConfiguration.WhitelabelErrorViewConfiguration matched:
      - @ConditionalOnProperty (server.error.whitelabel.enabled) matched (OnPropertyCondition)
      - ErrorTemplate Missing did not find error template view (ErrorMvcAutoConfiguration.ErrorTemplateMissingCondition)

   ErrorMvcAutoConfiguration.WhitelabelErrorViewConfiguration#beanNameViewResolver matched:
      - @ConditionalOnMissingBean (types: org.springframework.web.servlet.view.BeanNameViewResolver; SearchStrategy: all) did not find any beans (OnBeanCondition)

   ErrorMvcAutoConfiguration.WhitelabelErrorViewConfiguration#defaultErrorView matched:
      - @ConditionalOnMissingBean (names: error; SearchStrategy: all) did not find any beans (OnBeanCondition)

   HttpEncodingAutoConfiguration matched:
      - @ConditionalOnClass found required class 'org.springframework.web.filter.CharacterEncodingFilter' (OnClassCondition)
      - found 'session' scope (OnWebApplicationCondition)
      - @ConditionalOnProperty (server.servlet.encoding.enabled) matched (OnPropertyCondition)

   HttpEncodingAutoConfiguration#characterEncodingFilter matched:
      - @ConditionalOnMissingBean (types: org.springframework.web.filter.CharacterEncodingFilter; SearchStrategy: all) did not find any beans (OnBeanCondition)

   HttpMessageConvertersAutoConfiguration matched:
      - @ConditionalOnClass found required class 'org.springframework.http.converter.HttpMessageConverter' (OnClassCondition)
      - NoneNestedConditions 0 matched 1 did not; NestedCondition on HttpMessageConvertersAutoConfiguration.NotReactiveWebApplicationCondition.ReactiveWebApplication did not find reactive web application classes (HttpMessageConvertersAutoConfiguration.NotReactiveWebApplicationCondition)

   HttpMessageConvertersAutoConfiguration#messageConverters matched:
      - @ConditionalOnMissingBean (types: org.springframework.boot.autoconfigure.http.HttpMessageConverters; SearchStrategy: all) did not find any beans (OnBeanCondition)

   HttpMessageConvertersAutoConfiguration.StringHttpMessageConverterConfiguration matched:
      - @ConditionalOnClass found required class 'org.springframework.http.converter.StringHttpMessageConverter' (OnClassCondition)

   HttpMessageConvertersAutoConfiguration.StringHttpMessageConverterConfiguration#stringHttpMessageConverter matched:
      - @ConditionalOnMissingBean (types: org.springframework.http.converter.StringHttpMessageConverter; SearchStrategy: all) did not find any beans (OnBeanCondition)

   JacksonAutoConfiguration matched:
      - @ConditionalOnClass found required class 'com.fasterxml.jackson.databind.ObjectMapper' (OnClassCondition)

   JacksonAutoConfiguration.Jackson2ObjectMapperBuilderCustomizerConfiguration matched:
      - @ConditionalOnClass found required class 'org.springframework.http.converter.json.Jackson2ObjectMapperBuilder' (OnClassCondition)

   JacksonAutoConfiguration.JacksonObjectMapperBuilderConfiguration matched:
      - @ConditionalOnClass found required class 'org.springframework.http.converter.json.Jackson2ObjectMapperBuilder' (OnClassCondition)

   JacksonAutoConfiguration.JacksonObjectMapperBuilderConfiguration#jacksonObjectMapperBuilder matched:
      - @ConditionalOnMissingBean (types: org.springframework.http.converter.json.Jackson2ObjectMapperBuilder; SearchStrategy: all) did not find any beans (OnBeanCondition)

   JacksonAutoConfiguration.JacksonObjectMapperConfiguration matched:
      - @ConditionalOnClass found required class 'org.springframework.http.converter.json.Jackson2ObjectMapperBuilder' (OnClassCondition)

   JacksonAutoConfiguration.JacksonObjectMapperConfiguration#jacksonObjectMapper matched:
      - @ConditionalOnMissingBean (types: com.fasterxml.jackson.databind.ObjectMapper; SearchStrategy: all) did not find any beans (OnBeanCondition)

   JacksonAutoConfiguration.ParameterNamesModuleConfiguration matched:
      - @ConditionalOnClass found required class 'com.fasterxml.jackson.module.paramnames.ParameterNamesModule' (OnClassCondition)

   JacksonAutoConfiguration.ParameterNamesModuleConfiguration#parameterNamesModule matched:
      - @ConditionalOnMissingBean (types: com.fasterxml.jackson.module.paramnames.ParameterNamesModule; SearchStrategy: all) did not find any beans (OnBeanCondition)

   JacksonHttpMessageConvertersConfiguration.MappingJackson2HttpMessageConverterConfiguration matched:
      - @ConditionalOnClass found required class 'com.fasterxml.jackson.databind.ObjectMapper' (OnClassCondition)
      - @ConditionalOnProperty (spring.mvc.converters.preferred-json-mapper=jackson) matched (OnPropertyCondition)
      - @ConditionalOnBean (types: com.fasterxml.jackson.databind.ObjectMapper; SearchStrategy: all) found bean 'jacksonObjectMapper' (OnBeanCondition)

   JacksonHttpMessageConvertersConfiguration.MappingJackson2HttpMessageConverterConfiguration#mappingJackson2HttpMessageConverter matched:
      - @ConditionalOnMissingBean (types: org.springframework.http.converter.json.MappingJackson2HttpMessageConverter ignored: org.springframework.hateoas.server.mvc.TypeConstrainedMappingJackson2HttpMessageConverter,org.springframework.data.rest.webmvc.alps.AlpsJsonHttpMessageConverter; SearchStrategy: all) did not find any beans (OnBeanCondition)

   MockMvcAutoConfiguration matched:
      - found 'session' scope (OnWebApplicationCondition)

   MockMvcAutoConfiguration#dispatcherServlet matched:
      - @ConditionalOnMissingBean (types: org.springframework.web.servlet.DispatcherServlet; SearchStrategy: all) did not find any beans (OnBeanCondition)

   MockMvcAutoConfiguration#dispatcherServletPath matched:
      - @ConditionalOnMissingBean (types: org.springframework.boot.autoconfigure.web.servlet.DispatcherServletPath; SearchStrategy: all) did not find any beans (OnBeanCondition)

   MockMvcAutoConfiguration#mockMvc matched:
      - @ConditionalOnMissingBean (types: org.springframework.test.web.servlet.MockMvc; SearchStrategy: all) did not find any beans (OnBeanCondition)

   MockMvcAutoConfiguration#mockMvcBuilder matched:
      - @ConditionalOnMissingBean (types: org.springframework.test.web.servlet.MockMvcBuilder; SearchStrategy: all) did not find any beans (OnBeanCondition)

   NoOpCacheConfiguration matched:
      - Cache org.springframework.boot.autoconfigure.cache.NoOpCacheConfiguration NONE cache type (CacheCondition)

   SpringDataWebAutoConfiguration matched:
      - @ConditionalOnClass found required classes 'org.springframework.data.web.PageableHandlerMethodArgumentResolver', 'org.springframework.web.servlet.config.annotation.WebMvcConfigurer' (OnClassCondition)
      - found 'session' scope (OnWebApplicationCondition)
      - @ConditionalOnMissingBean (types: org.springframework.data.web.PageableHandlerMethodArgumentResolver; SearchStrategy: all) did not find any beans (OnBeanCondition)

   SpringDataWebAutoConfiguration#pageableCustomizer matched:
      - @ConditionalOnMissingBean (types: org.springframework.data.web.config.PageableHandlerMethodArgumentResolverCustomizer; SearchStrategy: all) did not find any beans (OnBeanCondition)

   SpringDataWebAutoConfiguration#sortCustomizer matched:
      - @ConditionalOnMissingBean (types: org.springframework.data.web.config.SortHandlerMethodArgumentResolverCustomizer; SearchStrategy: all) did not find any beans (OnBeanCondition)

   TaskExecutionAutoConfiguration matched:
      - @ConditionalOnClass found required class 'org.springframework.scheduling.concurrent.ThreadPoolTaskExecutor' (OnClassCondition)

   TaskExecutionAutoConfiguration#applicationTaskExecutor matched:
      - @ConditionalOnMissingBean (types: java.util.concurrent.Executor; SearchStrategy: all) did not find any beans (OnBeanCondition)

   TaskExecutionAutoConfiguration#taskExecutorBuilder matched:
      - @ConditionalOnMissingBean (types: org.springframework.boot.task.TaskExecutorBuilder; SearchStrategy: all) did not find any beans (OnBeanCondition)

   ValidationAutoConfiguration matched:
      - @ConditionalOnClass found required class 'jakarta.validation.executable.ExecutableValidator' (OnClassCondition)
      - @ConditionalOnResource found location classpath:META-INF/services/jakarta.validation.spi.ValidationProvider (OnResourceCondition)

   ValidationAutoConfiguration#defaultValidator matched:
      - @ConditionalOnMissingBean (types: jakarta.validation.Validator; SearchStrategy: all) did not find any beans (OnBeanCondition)

   ValidationAutoConfiguration#methodValidationPostProcessor matched:
      - @ConditionalOnMissingBean (types: org.springframework.validation.beanvalidation.MethodValidationPostProcessor; SearchStrategy: current) did not find any beans (OnBeanCondition)

   WebMvcAutoConfiguration matched:
      - @ConditionalOnClass found required classes 'jakarta.servlet.Servlet', 'org.springframework.web.servlet.DispatcherServlet', 'org.springframework.web.servlet.config.annotation.WebMvcConfigurer' (OnClassCondition)
      - found 'session' scope (OnWebApplicationCondition)
      - @ConditionalOnMissingBean (types: org.springframework.web.servlet.config.annotation.WebMvcConfigurationSupport; SearchStrategy: all) did not find any beans (OnBeanCondition)

   WebMvcAutoConfiguration#formContentFilter matched:
      - @ConditionalOnProperty (spring.mvc.formcontent.filter.enabled) matched (OnPropertyCondition)
      - @ConditionalOnMissingBean (types: org.springframework.web.filter.FormContentFilter; SearchStrategy: all) did not find any beans (OnBeanCondition)

   WebMvcAutoConfiguration.EnableWebMvcConfiguration#flashMapManager matched:
      - @ConditionalOnMissingBean (names: flashMapManager; SearchStrategy: all) did not find any beans (OnBeanCondition)

   WebMvcAutoConfiguration.EnableWebMvcConfiguration#localeResolver matched:
      - @ConditionalOnMissingBean (names: localeResolver; SearchStrategy: all) did not find any beans (OnBeanCondition)

   WebMvcAutoConfiguration.EnableWebMvcConfiguration#themeResolver matched:
      - @ConditionalOnMissingBean (names: themeResolver; SearchStrategy: all) did not find any beans (OnBeanCondition)

   WebMvcAutoConfiguration.WebMvcAutoConfigurationAdapter#defaultViewResolver matched:
      - @ConditionalOnMissingBean (types: org.springframework.web.servlet.view.InternalResourceViewResolver; SearchStrategy: all) did not find any beans (OnBeanCondition)

   WebMvcAutoConfiguration.WebMvcAutoConfigurationAdapter#requestContextFilter matched:
      - @ConditionalOnMissingBean (types: org.springframework.web.context.request.RequestContextListener,org.springframework.web.filter.RequestContextFilter; SearchStrategy: all) did not find any beans (OnBeanCondition)

   WebMvcAutoConfiguration.WebMvcAutoConfigurationAdapter#viewResolver matched:
      - @ConditionalOnBean (types: org.springframework.web.servlet.ViewResolver; SearchStrategy: all) found beans 'defaultViewResolver', 'beanNameViewResolver', 'mvcViewResolver'; @ConditionalOnMissingBean (names: viewResolver types: org.springframework.web.servlet.view.ContentNegotiatingViewResolver; SearchStrategy: all) did not find any beans (OnBeanCondition)


Negative matches:
-----------------

   Cache2kCacheConfiguration:
      Did not match:
         - @ConditionalOnClass did not find required class 'org.cache2k.Cache2kBuilder' (OnClassCondition)

   CacheAutoConfiguration:
      Did not match:
         - @ConditionalOnBean (types: org.springframework.cache.interceptor.CacheAspectSupport; SearchStrategy: all) did not find any beans of type org.springframework.cache.interceptor.CacheAspectSupport (OnBeanCondition)
      Matched:
         - @ConditionalOnClass found required class 'org.springframework.cache.CacheManager' (OnClassCondition)

   CacheAutoConfiguration.CacheManagerEntityManagerFactoryDependsOnPostProcessor:
      Did not match:
         - Ancestor org.springframework.boot.autoconfigure.cache.CacheAutoConfiguration did not match (ConditionEvaluationReport.AncestorsMatchedCondition)
      Matched:
         - @ConditionalOnClass found required class 'org.springframework.orm.jpa.LocalContainerEntityManagerFactoryBean' (OnClassCondition)

   CaffeineCacheConfiguration:
      Did not match:
         - @ConditionalOnClass did not find required class 'com.github.benmanes.caffeine.cache.Caffeine' (OnClassCondition)

   CouchbaseCacheConfiguration:
      Did not match:
         - @ConditionalOnClass did not find required class 'com.couchbase.client.java.Cluster' (OnClassCondition)

   ErrorMvcAutoConfiguration.DefaultErrorViewResolverConfiguration#conventionErrorViewResolver:
      Did not match:
         - @ConditionalOnBean (types: org.springframework.web.servlet.DispatcherServlet; SearchStrategy: all) did not find any beans of type org.springframework.web.servlet.DispatcherServlet (OnBeanCondition)

   FreeMarkerAutoConfiguration:
      Did not match:
         - @ConditionalOnClass did not find required class 'freemarker.template.Configuration' (OnClassCondition)

   GenericCacheConfiguration:
      Did not match:
         - Cache org.springframework.boot.autoconfigure.cache.GenericCacheConfiguration unknown cache type (CacheCondition)

   GroovyTemplateAutoConfiguration:
      Did not match:
         - @ConditionalOnClass did not find required class 'groovy.text.markup.MarkupTemplateEngine' (OnClassCondition)

   GsonAutoConfiguration:
      Did not match:
         - @ConditionalOnClass did not find required class 'com.google.gson.Gson' (OnClassCondition)

   GsonHttpMessageConvertersConfiguration:
      Did not match:
         - @ConditionalOnClass did not find required class 'com.google.gson.Gson' (OnClassCondition)

   HazelcastCacheConfiguration:
      Did not match:
         - @ConditionalOnClass did not find required class 'com.hazelcast.core.HazelcastInstance' (OnClassCondition)

   HypermediaAutoConfiguration:
      Did not match:
         - @ConditionalOnClass did not find required class 'org.springframework.hateoas.EntityModel' (OnClassCondition)

   InfinispanCacheConfiguration:
      Did not match:
         - @ConditionalOnClass did not find required class 'org.infinispan.spring.embedded.provider.SpringEmbeddedCacheManager' (OnClassCondition)

   JCacheCacheConfiguration:
      Did not match:
         - @ConditionalOnClass did not find required class 'javax.cache.Caching' (OnClassCondition)

   JacksonHttpMessageConvertersConfiguration.MappingJackson2XmlHttpMessageConverterConfiguration:
      Did not match:
         - @ConditionalOnClass did not find required class 'com.fasterxml.jackson.dataformat.xml.XmlMapper' (OnClassCondition)

   JsonbAutoConfiguration:
      Did not match:
         - @ConditionalOnClass did not find required class 'jakarta.json.bind.Jsonb' (OnClassCondition)

   JsonbHttpMessageConvertersConfiguration:
      Did not match:
         - @ConditionalOnClass did not find required class 'jakarta.json.bind.Jsonb' (OnClassCondition)

   MessageSourceAutoConfiguration:
      Did not match:
         - ResourceBundle did not find bundle with basename messages (MessageSourceAutoConfiguration.ResourceBundleCondition)

   MockMvcAutoConfiguration.WebTestClientMockMvcConfiguration:
      Did not match:
         - @ConditionalOnClass did not find required class 'org.springframework.web.reactive.function.client.WebClient' (OnClassCondition)

   MockMvcSecurityConfiguration:
      Did not match:
         - @ConditionalOnClass did not find required class 'org.springframework.security.test.web.servlet.request.SecurityMockMvcRequestPostProcessors' (OnClassCondition)

   MockMvcWebClientAutoConfiguration:
      Did not match:
         - @ConditionalOnClass did not find required class 'com.gargoylesoftware.htmlunit.WebClient' (OnClassCondition)

   MockMvcWebDriverAutoConfiguration:
      Did not match:
         - @ConditionalOnClass did not find required class 'org.openqa.selenium.htmlunit.HtmlUnitDriver' (OnClassCondition)

   MustacheAutoConfiguration:
      Did not match:
         - @ConditionalOnClass did not find required class 'com.samskivert.mustache.Mustache' (OnClassCondition)

   OAuth2ClientAutoConfiguration:
      Did not match:
         - @ConditionalOnClass did not find required class 'org.springframework.security.config.annotation.web.configuration.EnableWebSecurity' (OnClassCondition)

   OAuth2ResourceServerAutoConfiguration:
      Did not match:
         - @ConditionalOnClass did not find required class 'org.springframework.security.oauth2.server.resource.authentication.BearerTokenAuthenticationToken' (OnClassCondition)

   RedisCacheConfiguration:
      Did not match:
         - @ConditionalOnClass did not find required class 'org.springframework.data.redis.connection.RedisConnectionFactory' (OnClassCondition)

   SecurityAutoConfiguration:
      Did not match:
         - @ConditionalOnClass did not find required class 'org.springframework.security.authentication.DefaultAuthenticationEventPublisher' (OnClassCondition)

   SecurityFilterAutoConfiguration:
      Did not match:
         - @ConditionalOnClass did not find required class 'org.springframework.security.config.http.SessionCreationPolicy' (OnClassCondition)

   SimpleCacheConfiguration:
      Did not match:
         - Cache org.springframework.boot.autoconfigure.cache.SimpleCacheConfiguration unknown cache type (CacheCondition)

   ThymeleafAutoConfiguration:
      Did not match:
         - @ConditionalOnClass did not find required class 'org.thymeleaf.spring6.SpringTemplateEngine' (OnClassCondition)

   UserDetailsServiceAutoConfiguration:
      Did not match:
         - @ConditionalOnClass did not find required class 'org.springframework.security.authentication.AuthenticationManager' (OnClassCondition)

   WebMvcAutoConfiguration#hiddenHttpMethodFilter:
      Did not match:
         - @ConditionalOnProperty (spring.mvc.hiddenmethod.filter.enabled) did not find property 'enabled' (OnPropertyCondition)

   WebMvcAutoConfiguration.ProblemDetailsErrorHandlingConfiguration:
      Did not match:
         - @ConditionalOnProperty (spring.mvc.problemdetails.enabled=true) did not find property 'enabled' (OnPropertyCondition)

   WebMvcAutoConfiguration.ResourceChainCustomizerConfiguration:
      Did not match:
         - @ConditionalOnEnabledResourceChain did not find class org.webjars.WebJarAssetLocator (OnEnabledResourceChainCondition)

   WebMvcAutoConfiguration.WebMvcAutoConfigurationAdapter#beanNameViewResolver:
      Did not match:
         - @ConditionalOnMissingBean (types: org.springframework.web.servlet.view.BeanNameViewResolver; SearchStrategy: all) found beans of type 'org.springframework.web.servlet.view.BeanNameViewResolver' beanNameViewResolver (OnBeanCondition)

   WebTestClientAutoConfiguration:
      Did not match:
         - @ConditionalOnClass did not find required class 'org.springframework.web.reactive.function.client.WebClient' (OnClassCondition)


Exclusions:
-----------

    None


Unconditional classes:
----------------------

    None



2024-11-21T19:20:04.723-03:00  INFO 47564 --- [           main] c.ProcessoControllerTest                 : Started ProcessoControllerTest in 5.283 seconds (process running for 6.8)
2024-11-21T19:20:04.738-03:00 DEBUG 47564 --- [           main] org.springframework.test.context.cache   : Spring test ApplicationContext cache statistics: [DefaultContextCache@3b96f8b0 size = 1, maxSize = 32, parentContextCount = 0, hitCount = 0, missCount = 1]
2024-11-21T19:20:04.740-03:00 DEBUG 47564 --- [           main] DependencyInjectionTestExecutionListener : Performing dependency injection for test class cadastro_service.ProcessoControllerTest
2024-11-21T19:20:04.740-03:00 DEBUG 47564 --- [           main] org.springframework.test.context.cache   : Spring test ApplicationContext cache statistics: [DefaultContextCache@3b96f8b0 size = 1, maxSize = 32, parentContextCount = 0, hitCount = 1, missCount = 1]
2024-11-21T19:20:04.747-03:00 DEBUG 47564 --- [           main] org.springframework.test.context.cache   : Spring test ApplicationContext cache statistics: [DefaultContextCache@3b96f8b0 size = 1, maxSize = 32, parentContextCount = 0, hitCount = 2, missCount = 1]
2024-11-21T19:20:04.783-03:00 DEBUG 47564 --- [           main] sContextBeforeModesTestExecutionListener : Before test method: class [ProcessoControllerTest], method [atualizarProcesso], class annotated with @DirtiesContext [false] with mode [null], method annotated with @DirtiesContext [false] with mode [null]
2024-11-21T19:20:04.793-03:00 DEBUG 47564 --- [           main] org.springframework.test.context.cache   : Spring test ApplicationContext cache statistics: [DefaultContextCache@3b96f8b0 size = 1, maxSize = 32, parentContextCount = 0, hitCount = 3, missCount = 1]
2024-11-21T19:20:04.793-03:00 DEBUG 47564 --- [           main] org.springframework.test.context.cache   : Spring test ApplicationContext cache statistics: [DefaultContextCache@3b96f8b0 size = 1, maxSize = 32, parentContextCount = 0, hitCount = 4, missCount = 1]
2024-11-21T19:20:04.798-03:00 DEBUG 47564 --- [           main] org.springframework.test.context.cache   : Spring test ApplicationContext cache statistics: [DefaultContextCache@3b96f8b0 size = 1, maxSize = 32, parentContextCount = 0, hitCount = 5, missCount = 1]
2024-11-21T19:20:04.909-03:00 DEBUG 47564 --- [           main] o.s.t.web.servlet.TestDispatcherServlet  : PUT "/api/Processos/1", parameters={}
2024-11-21T19:20:04.941-03:00 DEBUG 47564 --- [           main] s.w.s.m.m.a.RequestMappingHandlerMapping : Mapped to processo.controller.ProcessoController#atualizar(Long, Processo)
2024-11-21T19:20:05.104-03:00 DEBUG 47564 --- [           main] m.m.a.RequestResponseBodyMethodProcessor : Read "application/json;charset=UTF-8" to [Processo{id=null, tipoDeProcesso=1, numero='12345', dataEntrada=2024-11-21, valorRecurso=10000, obje (truncated)...]
2024-11-21T19:20:05.269-03:00 DEBUG 47564 --- [           main] o.s.w.s.m.m.a.HttpEntityMethodProcessor  : Using 'application/json', given [*/*] and supported [application/json, application/*+json]
2024-11-21T19:20:05.270-03:00 DEBUG 47564 --- [           main] o.s.w.s.m.m.a.HttpEntityMethodProcessor  : Writing [Processo{id=null, tipoDeProcesso=1, numero='12345', dataEntrada=2024-11-21, valorRecurso=10000, obje (truncated)...]
2024-11-21T19:20:05.296-03:00 DEBUG 47564 --- [           main] o.s.t.web.servlet.TestDispatcherServlet  : Completed 200 OK
2024-11-21T19:20:05.384-03:00 DEBUG 47564 --- [           main] org.springframework.test.context.cache   : Spring test ApplicationContext cache statistics: [DefaultContextCache@3b96f8b0 size = 1, maxSize = 32, parentContextCount = 0, hitCount = 6, missCount = 1]
2024-11-21T19:20:05.386-03:00 DEBUG 47564 --- [           main] org.springframework.test.context.cache   : Spring test ApplicationContext cache statistics: [DefaultContextCache@3b96f8b0 size = 1, maxSize = 32, parentContextCount = 0, hitCount = 7, missCount = 1]
2024-11-21T19:20:05.386-03:00 DEBUG 47564 --- [           main] org.springframework.test.context.cache   : Spring test ApplicationContext cache statistics: [DefaultContextCache@3b96f8b0 size = 1, maxSize = 32, parentContextCount = 0, hitCount = 8, missCount = 1]
2024-11-21T19:20:05.386-03:00 DEBUG 47564 --- [           main] org.springframework.test.context.cache   : Spring test ApplicationContext cache statistics: [DefaultContextCache@3b96f8b0 size = 1, maxSize = 32, parentContextCount = 0, hitCount = 9, missCount = 1]
2024-11-21T19:20:05.388-03:00 DEBUG 47564 --- [           main] org.springframework.test.context.cache   : Spring test ApplicationContext cache statistics: [DefaultContextCache@3b96f8b0 size = 1, maxSize = 32, parentContextCount = 0, hitCount = 10, missCount = 1]
2024-11-21T19:20:05.390-03:00 DEBUG 47564 --- [           main] org.springframework.test.context.cache   : Spring test ApplicationContext cache statistics: [DefaultContextCache@3b96f8b0 size = 1, maxSize = 32, parentContextCount = 0, hitCount = 11, missCount = 1]
2024-11-21T19:20:05.390-03:00 DEBUG 47564 --- [           main] .c.s.DirtiesContextTestExecutionListener : After test method: class [ProcessoControllerTest], method [atualizarProcesso], class annotated with @DirtiesContext [false] with mode [null], method annotated with @DirtiesContext [false] with mode [null]
]]></system-out>
    <system-err><![CDATA[WARNING: A Java agent has been loaded dynamically (C:\Users\MARCELO\.m2\repository\net\bytebuddy\byte-buddy-agent\1.14.5\byte-buddy-agent-1.14.5.jar)
WARNING: If a serviceability tool is in use, please run with -XX:+EnableDynamicAgentLoading to hide this warning
WARNING: If a serviceability tool is not in use, please run with -Djdk.instrument.traceUsage for more information
WARNING: Dynamic loading of agents will be disallowed by default in a future release
]]></system-err>
  </testcase>
  <testcase name="listarProcessos" classname="cadastro_service.ProcessoControllerTest" time="0.066">
    <system-out><![CDATA[2024-11-21T19:20:05.403-03:00 DEBUG 47564 --- [           main] org.springframework.test.context.cache   : Spring test ApplicationContext cache statistics: [DefaultContextCache@3b96f8b0 size = 1, maxSize = 32, parentContextCount = 0, hitCount = 12, missCount = 1]
2024-11-21T19:20:05.403-03:00 DEBUG 47564 --- [           main] DependencyInjectionTestExecutionListener : Performing dependency injection for test class cadastro_service.ProcessoControllerTest
2024-11-21T19:20:05.403-03:00 DEBUG 47564 --- [           main] org.springframework.test.context.cache   : Spring test ApplicationContext cache statistics: [DefaultContextCache@3b96f8b0 size = 1, maxSize = 32, parentContextCount = 0, hitCount = 13, missCount = 1]
2024-11-21T19:20:05.404-03:00 DEBUG 47564 --- [           main] org.springframework.test.context.cache   : Spring test ApplicationContext cache statistics: [DefaultContextCache@3b96f8b0 size = 1, maxSize = 32, parentContextCount = 0, hitCount = 14, missCount = 1]
2024-11-21T19:20:05.408-03:00 DEBUG 47564 --- [           main] sContextBeforeModesTestExecutionListener : Before test method: class [ProcessoControllerTest], method [listarProcessos], class annotated with @DirtiesContext [false] with mode [null], method annotated with @DirtiesContext [false] with mode [null]
2024-11-21T19:20:05.409-03:00 DEBUG 47564 --- [           main] org.springframework.test.context.cache   : Spring test ApplicationContext cache statistics: [DefaultContextCache@3b96f8b0 size = 1, maxSize = 32, parentContextCount = 0, hitCount = 15, missCount = 1]
2024-11-21T19:20:05.409-03:00 DEBUG 47564 --- [           main] org.springframework.test.context.cache   : Spring test ApplicationContext cache statistics: [DefaultContextCache@3b96f8b0 size = 1, maxSize = 32, parentContextCount = 0, hitCount = 16, missCount = 1]
2024-11-21T19:20:05.412-03:00 DEBUG 47564 --- [           main] org.springframework.test.context.cache   : Spring test ApplicationContext cache statistics: [DefaultContextCache@3b96f8b0 size = 1, maxSize = 32, parentContextCount = 0, hitCount = 17, missCount = 1]
2024-11-21T19:20:05.420-03:00 DEBUG 47564 --- [           main] o.s.t.web.servlet.TestDispatcherServlet  : GET "/api/Processos?numero=12345", parameters={masked}
2024-11-21T19:20:05.421-03:00 DEBUG 47564 --- [           main] s.w.s.m.m.a.RequestMappingHandlerMapping : Mapped to processo.controller.ProcessoController#listar(String, Pageable)
2024-11-21T19:20:05.447-03:00 DEBUG 47564 --- [           main] o.s.w.s.m.m.a.HttpEntityMethodProcessor  : Using 'application/json', given [*/*] and supported [application/json, application/*+json]
2024-11-21T19:20:05.448-03:00 DEBUG 47564 --- [           main] o.s.w.s.m.m.a.HttpEntityMethodProcessor  : Writing [Page 1 of 1 containing processo.model.Processo instances]
2024-11-21T19:20:05.463-03:00 DEBUG 47564 --- [           main] o.s.t.web.servlet.TestDispatcherServlet  : Completed 200 OK
2024-11-21T19:20:05.468-03:00 DEBUG 47564 --- [           main] org.springframework.test.context.cache   : Spring test ApplicationContext cache statistics: [DefaultContextCache@3b96f8b0 size = 1, maxSize = 32, parentContextCount = 0, hitCount = 18, missCount = 1]
2024-11-21T19:20:05.468-03:00 DEBUG 47564 --- [           main] org.springframework.test.context.cache   : Spring test ApplicationContext cache statistics: [DefaultContextCache@3b96f8b0 size = 1, maxSize = 32, parentContextCount = 0, hitCount = 19, missCount = 1]
2024-11-21T19:20:05.468-03:00 DEBUG 47564 --- [           main] org.springframework.test.context.cache   : Spring test ApplicationContext cache statistics: [DefaultContextCache@3b96f8b0 size = 1, maxSize = 32, parentContextCount = 0, hitCount = 20, missCount = 1]
2024-11-21T19:20:05.469-03:00 DEBUG 47564 --- [           main] org.springframework.test.context.cache   : Spring test ApplicationContext cache statistics: [DefaultContextCache@3b96f8b0 size = 1, maxSize = 32, parentContextCount = 0, hitCount = 21, missCount = 1]
2024-11-21T19:20:05.469-03:00 DEBUG 47564 --- [           main] org.springframework.test.context.cache   : Spring test ApplicationContext cache statistics: [DefaultContextCache@3b96f8b0 size = 1, maxSize = 32, parentContextCount = 0, hitCount = 22, missCount = 1]
2024-11-21T19:20:05.470-03:00 DEBUG 47564 --- [           main] org.springframework.test.context.cache   : Spring test ApplicationContext cache statistics: [DefaultContextCache@3b96f8b0 size = 1, maxSize = 32, parentContextCount = 0, hitCount = 23, missCount = 1]
2024-11-21T19:20:05.470-03:00 DEBUG 47564 --- [           main] .c.s.DirtiesContextTestExecutionListener : After test method: class [ProcessoControllerTest], method [listarProcessos], class annotated with @DirtiesContext [false] with mode [null], method annotated with @DirtiesContext [false] with mode [null]
]]></system-out>
  </testcase>
  <testcase name="excluirProcesso" classname="cadastro_service.ProcessoControllerTest" time="0.023">
    <system-out><![CDATA[2024-11-21T19:20:05.472-03:00 DEBUG 47564 --- [           main] org.springframework.test.context.cache   : Spring test ApplicationContext cache statistics: [DefaultContextCache@3b96f8b0 size = 1, maxSize = 32, parentContextCount = 0, hitCount = 24, missCount = 1]
2024-11-21T19:20:05.476-03:00 DEBUG 47564 --- [           main] DependencyInjectionTestExecutionListener : Performing dependency injection for test class cadastro_service.ProcessoControllerTest
2024-11-21T19:20:05.477-03:00 DEBUG 47564 --- [           main] org.springframework.test.context.cache   : Spring test ApplicationContext cache statistics: [DefaultContextCache@3b96f8b0 size = 1, maxSize = 32, parentContextCount = 0, hitCount = 25, missCount = 1]
2024-11-21T19:20:05.478-03:00 DEBUG 47564 --- [           main] org.springframework.test.context.cache   : Spring test ApplicationContext cache statistics: [DefaultContextCache@3b96f8b0 size = 1, maxSize = 32, parentContextCount = 0, hitCount = 26, missCount = 1]
2024-11-21T19:20:05.483-03:00 DEBUG 47564 --- [           main] sContextBeforeModesTestExecutionListener : Before test method: class [ProcessoControllerTest], method [excluirProcesso], class annotated with @DirtiesContext [false] with mode [null], method annotated with @DirtiesContext [false] with mode [null]
2024-11-21T19:20:05.484-03:00 DEBUG 47564 --- [           main] org.springframework.test.context.cache   : Spring test ApplicationContext cache statistics: [DefaultContextCache@3b96f8b0 size = 1, maxSize = 32, parentContextCount = 0, hitCount = 27, missCount = 1]
2024-11-21T19:20:05.485-03:00 DEBUG 47564 --- [           main] org.springframework.test.context.cache   : Spring test ApplicationContext cache statistics: [DefaultContextCache@3b96f8b0 size = 1, maxSize = 32, parentContextCount = 0, hitCount = 28, missCount = 1]
2024-11-21T19:20:05.486-03:00 DEBUG 47564 --- [           main] org.springframework.test.context.cache   : Spring test ApplicationContext cache statistics: [DefaultContextCache@3b96f8b0 size = 1, maxSize = 32, parentContextCount = 0, hitCount = 29, missCount = 1]
2024-11-21T19:20:05.492-03:00 DEBUG 47564 --- [           main] o.s.t.web.servlet.TestDispatcherServlet  : DELETE "/api/Processos/1", parameters={}
2024-11-21T19:20:05.492-03:00 DEBUG 47564 --- [           main] s.w.s.m.m.a.RequestMappingHandlerMapping : Mapped to processo.controller.ProcessoController#excluir(Long)
2024-11-21T19:20:05.495-03:00 DEBUG 47564 --- [           main] o.s.w.s.m.m.a.HttpEntityMethodProcessor  : Using 'application/json', given [*/*] and supported [application/json, application/*+json]
2024-11-21T19:20:05.495-03:00 DEBUG 47564 --- [           main] o.s.w.s.m.m.a.HttpEntityMethodProcessor  : Nothing to write: null body
2024-11-21T19:20:05.495-03:00 DEBUG 47564 --- [           main] o.s.t.web.servlet.TestDispatcherServlet  : Completed 204 NO_CONTENT
2024-11-21T19:20:05.498-03:00 DEBUG 47564 --- [           main] org.springframework.test.context.cache   : Spring test ApplicationContext cache statistics: [DefaultContextCache@3b96f8b0 size = 1, maxSize = 32, parentContextCount = 0, hitCount = 30, missCount = 1]
2024-11-21T19:20:05.499-03:00 DEBUG 47564 --- [           main] org.springframework.test.context.cache   : Spring test ApplicationContext cache statistics: [DefaultContextCache@3b96f8b0 size = 1, maxSize = 32, parentContextCount = 0, hitCount = 31, missCount = 1]
2024-11-21T19:20:05.499-03:00 DEBUG 47564 --- [           main] org.springframework.test.context.cache   : Spring test ApplicationContext cache statistics: [DefaultContextCache@3b96f8b0 size = 1, maxSize = 32, parentContextCount = 0, hitCount = 32, missCount = 1]
2024-11-21T19:20:05.499-03:00 DEBUG 47564 --- [           main] org.springframework.test.context.cache   : Spring test ApplicationContext cache statistics: [DefaultContextCache@3b96f8b0 size = 1, maxSize = 32, parentContextCount = 0, hitCount = 33, missCount = 1]
2024-11-21T19:20:05.499-03:00 DEBUG 47564 --- [           main] org.springframework.test.context.cache   : Spring test ApplicationContext cache statistics: [DefaultContextCache@3b96f8b0 size = 1, maxSize = 32, parentContextCount = 0, hitCount = 34, missCount = 1]
2024-11-21T19:20:05.500-03:00 DEBUG 47564 --- [           main] org.springframework.test.context.cache   : Spring test ApplicationContext cache statistics: [DefaultContextCache@3b96f8b0 size = 1, maxSize = 32, parentContextCount = 0, hitCount = 35, missCount = 1]
2024-11-21T19:20:05.501-03:00 DEBUG 47564 --- [           main] .c.s.DirtiesContextTestExecutionListener : After test method: class [ProcessoControllerTest], method [excluirProcesso], class annotated with @DirtiesContext [false] with mode [null], method annotated with @DirtiesContext [false] with mode [null]
]]></system-out>
  </testcase>
  <testcase name="salvarProcesso" classname="cadastro_service.ProcessoControllerTest" time="0.016">
    <system-out><![CDATA[2024-11-21T19:20:05.504-03:00 DEBUG 47564 --- [           main] org.springframework.test.context.cache   : Spring test ApplicationContext cache statistics: [DefaultContextCache@3b96f8b0 size = 1, maxSize = 32, parentContextCount = 0, hitCount = 36, missCount = 1]
2024-11-21T19:20:05.504-03:00 DEBUG 47564 --- [           main] DependencyInjectionTestExecutionListener : Performing dependency injection for test class cadastro_service.ProcessoControllerTest
2024-11-21T19:20:05.504-03:00 DEBUG 47564 --- [           main] org.springframework.test.context.cache   : Spring test ApplicationContext cache statistics: [DefaultContextCache@3b96f8b0 size = 1, maxSize = 32, parentContextCount = 0, hitCount = 37, missCount = 1]
2024-11-21T19:20:05.505-03:00 DEBUG 47564 --- [           main] org.springframework.test.context.cache   : Spring test ApplicationContext cache statistics: [DefaultContextCache@3b96f8b0 size = 1, maxSize = 32, parentContextCount = 0, hitCount = 38, missCount = 1]
2024-11-21T19:20:05.507-03:00 DEBUG 47564 --- [           main] sContextBeforeModesTestExecutionListener : Before test method: class [ProcessoControllerTest], method [salvarProcesso], class annotated with @DirtiesContext [false] with mode [null], method annotated with @DirtiesContext [false] with mode [null]
2024-11-21T19:20:05.507-03:00 DEBUG 47564 --- [           main] org.springframework.test.context.cache   : Spring test ApplicationContext cache statistics: [DefaultContextCache@3b96f8b0 size = 1, maxSize = 32, parentContextCount = 0, hitCount = 39, missCount = 1]
2024-11-21T19:20:05.508-03:00 DEBUG 47564 --- [           main] org.springframework.test.context.cache   : Spring test ApplicationContext cache statistics: [DefaultContextCache@3b96f8b0 size = 1, maxSize = 32, parentContextCount = 0, hitCount = 40, missCount = 1]
2024-11-21T19:20:05.509-03:00 DEBUG 47564 --- [           main] org.springframework.test.context.cache   : Spring test ApplicationContext cache statistics: [DefaultContextCache@3b96f8b0 size = 1, maxSize = 32, parentContextCount = 0, hitCount = 41, missCount = 1]
2024-11-21T19:20:05.510-03:00 DEBUG 47564 --- [           main] o.s.t.web.servlet.TestDispatcherServlet  : POST "/api/Processos", parameters={}
2024-11-21T19:20:05.511-03:00 DEBUG 47564 --- [           main] s.w.s.m.m.a.RequestMappingHandlerMapping : Mapped to processo.controller.ProcessoController#salvar(Processo)
2024-11-21T19:20:05.512-03:00 DEBUG 47564 --- [           main] m.m.a.RequestResponseBodyMethodProcessor : Read "application/json;charset=UTF-8" to [Processo{id=null, tipoDeProcesso=1, numero='12345', dataEntrada=2024-11-20, valorRecurso=5000, objet (truncated)...]
2024-11-21T19:20:05.514-03:00 DEBUG 47564 --- [           main] o.s.w.s.m.m.a.HttpEntityMethodProcessor  : Using 'application/json', given [*/*] and supported [application/json, application/*+json]
2024-11-21T19:20:05.514-03:00 DEBUG 47564 --- [           main] o.s.w.s.m.m.a.HttpEntityMethodProcessor  : Writing [Processo{id=null, tipoDeProcesso=1, numero='12345', dataEntrada=2024-11-20, valorRecurso=5000, objet (truncated)...]
2024-11-21T19:20:05.514-03:00 DEBUG 47564 --- [           main] o.s.t.web.servlet.TestDispatcherServlet  : Completed 201 CREATED
2024-11-21T19:20:05.517-03:00 DEBUG 47564 --- [           main] org.springframework.test.context.cache   : Spring test ApplicationContext cache statistics: [DefaultContextCache@3b96f8b0 size = 1, maxSize = 32, parentContextCount = 0, hitCount = 42, missCount = 1]
2024-11-21T19:20:05.518-03:00 DEBUG 47564 --- [           main] org.springframework.test.context.cache   : Spring test ApplicationContext cache statistics: [DefaultContextCache@3b96f8b0 size = 1, maxSize = 32, parentContextCount = 0, hitCount = 43, missCount = 1]
2024-11-21T19:20:05.518-03:00 DEBUG 47564 --- [           main] org.springframework.test.context.cache   : Spring test ApplicationContext cache statistics: [DefaultContextCache@3b96f8b0 size = 1, maxSize = 32, parentContextCount = 0, hitCount = 44, missCount = 1]
2024-11-21T19:20:05.518-03:00 DEBUG 47564 --- [           main] org.springframework.test.context.cache   : Spring test ApplicationContext cache statistics: [DefaultContextCache@3b96f8b0 size = 1, maxSize = 32, parentContextCount = 0, hitCount = 45, missCount = 1]
2024-11-21T19:20:05.519-03:00 DEBUG 47564 --- [           main] org.springframework.test.context.cache   : Spring test ApplicationContext cache statistics: [DefaultContextCache@3b96f8b0 size = 1, maxSize = 32, parentContextCount = 0, hitCount = 46, missCount = 1]
2024-11-21T19:20:05.520-03:00 DEBUG 47564 --- [           main] org.springframework.test.context.cache   : Spring test ApplicationContext cache statistics: [DefaultContextCache@3b96f8b0 size = 1, maxSize = 32, parentContextCount = 0, hitCount = 47, missCount = 1]
2024-11-21T19:20:05.520-03:00 DEBUG 47564 --- [           main] .c.s.DirtiesContextTestExecutionListener : After test method: class [ProcessoControllerTest], method [salvarProcesso], class annotated with @DirtiesContext [false] with mode [null], method annotated with @DirtiesContext [false] with mode [null]
]]></system-out>
  </testcase>
  <testcase name="salvarProcessoErroValidacao" classname="cadastro_service.ProcessoControllerTest" time="0.037">
    <system-out><![CDATA[2024-11-21T19:20:05.523-03:00 DEBUG 47564 --- [           main] org.springframework.test.context.cache   : Spring test ApplicationContext cache statistics: [DefaultContextCache@3b96f8b0 size = 1, maxSize = 32, parentContextCount = 0, hitCount = 48, missCount = 1]
2024-11-21T19:20:05.523-03:00 DEBUG 47564 --- [           main] DependencyInjectionTestExecutionListener : Performing dependency injection for test class cadastro_service.ProcessoControllerTest
2024-11-21T19:20:05.524-03:00 DEBUG 47564 --- [           main] org.springframework.test.context.cache   : Spring test ApplicationContext cache statistics: [DefaultContextCache@3b96f8b0 size = 1, maxSize = 32, parentContextCount = 0, hitCount = 49, missCount = 1]
2024-11-21T19:20:05.525-03:00 DEBUG 47564 --- [           main] org.springframework.test.context.cache   : Spring test ApplicationContext cache statistics: [DefaultContextCache@3b96f8b0 size = 1, maxSize = 32, parentContextCount = 0, hitCount = 50, missCount = 1]
2024-11-21T19:20:05.527-03:00 DEBUG 47564 --- [           main] sContextBeforeModesTestExecutionListener : Before test method: class [ProcessoControllerTest], method [salvarProcessoErroValidacao], class annotated with @DirtiesContext [false] with mode [null], method annotated with @DirtiesContext [false] with mode [null]
2024-11-21T19:20:05.528-03:00 DEBUG 47564 --- [           main] org.springframework.test.context.cache   : Spring test ApplicationContext cache statistics: [DefaultContextCache@3b96f8b0 size = 1, maxSize = 32, parentContextCount = 0, hitCount = 51, missCount = 1]
2024-11-21T19:20:05.531-03:00 DEBUG 47564 --- [           main] org.springframework.test.context.cache   : Spring test ApplicationContext cache statistics: [DefaultContextCache@3b96f8b0 size = 1, maxSize = 32, parentContextCount = 0, hitCount = 52, missCount = 1]
2024-11-21T19:20:05.532-03:00 DEBUG 47564 --- [           main] org.springframework.test.context.cache   : Spring test ApplicationContext cache statistics: [DefaultContextCache@3b96f8b0 size = 1, maxSize = 32, parentContextCount = 0, hitCount = 53, missCount = 1]
2024-11-21T19:20:05.536-03:00 DEBUG 47564 --- [           main] o.s.t.web.servlet.TestDispatcherServlet  : POST "/api/Processos", parameters={}
2024-11-21T19:20:05.536-03:00 DEBUG 47564 --- [           main] s.w.s.m.m.a.RequestMappingHandlerMapping : Mapped to processo.controller.ProcessoController#salvar(Processo)
2024-11-21T19:20:05.537-03:00 DEBUG 47564 --- [           main] m.m.a.RequestResponseBodyMethodProcessor : Read "application/json;charset=UTF-8" to [Processo{id=null, tipoDeProcesso=null, numero='null', dataEntrada=null, valorRecurso=null, objetivo= (truncated)...]
2024-11-21T19:20:05.558-03:00  WARN 47564 --- [           main] .w.s.m.s.DefaultHandlerExceptionResolver : Resolved [org.springframework.web.bind.MethodArgumentNotValidException: Validation failed for argument [0] in public org.springframework.http.ResponseEntity<processo.model.Processo> processo.controller.ProcessoController.salvar(processo.model.Processo) with 5 errors: [Field error in object 'processo' on field 'dataEntrada': rejected value [null]; codes [NotNull.processo.dataEntrada,NotNull.dataEntrada,NotNull.java.time.LocalDate,NotNull]; arguments [org.springframework.context.support.DefaultMessageSourceResolvable: codes [processo.dataEntrada,dataEntrada]; arguments []; default message [dataEntrada]]; default message [A data de entrada não pode ser nula.]] [Field error in object 'processo' on field 'tipoDeProcesso': rejected value [null]; codes [NotNull.processo.tipoDeProcesso,NotNull.tipoDeProcesso,NotNull.java.lang.Long,NotNull]; arguments [org.springframework.context.support.DefaultMessageSourceResolvable: codes [processo.tipoDeProcesso,tipoDeProcesso]; arguments []; default message [tipoDeProcesso]]; default message [O tipo de processo não pode ser nulo.]] [Field error in object 'processo' on field 'valorRecurso': rejected value [null]; codes [NotNull.processo.valorRecurso,NotNull.valorRecurso,NotNull.java.math.BigDecimal,NotNull]; arguments [org.springframework.context.support.DefaultMessageSourceResolvable: codes [processo.valorRecurso,valorRecurso]; arguments []; default message [valorRecurso]]; default message [O valor do recurso não pode ser nulo.]] [Field error in object 'processo' on field 'objetivo': rejected value [null]; codes [NotBlank.processo.objetivo,NotBlank.objetivo,NotBlank.java.lang.String,NotBlank]; arguments [org.springframework.context.support.DefaultMessageSourceResolvable: codes [processo.objetivo,objetivo]; arguments []; default message [objetivo]]; default message [O objetivo não pode estar vazio.]] [Field error in object 'processo' on field 'numero': rejected value [null]; codes [NotBlank.processo.numero,NotBlank.numero,NotBlank.java.lang.String,NotBlank]; arguments [org.springframework.context.support.DefaultMessageSourceResolvable: codes [processo.numero,numero]; arguments []; default message [numero]]; default message [O número do processo não pode estar vazio.]] ]
2024-11-21T19:20:05.558-03:00 DEBUG 47564 --- [           main] o.s.t.web.servlet.TestDispatcherServlet  : Completed 400 BAD_REQUEST
2024-11-21T19:20:05.560-03:00 DEBUG 47564 --- [           main] org.springframework.test.context.cache   : Spring test ApplicationContext cache statistics: [DefaultContextCache@3b96f8b0 size = 1, maxSize = 32, parentContextCount = 0, hitCount = 54, missCount = 1]
2024-11-21T19:20:05.560-03:00 DEBUG 47564 --- [           main] org.springframework.test.context.cache   : Spring test ApplicationContext cache statistics: [DefaultContextCache@3b96f8b0 size = 1, maxSize = 32, parentContextCount = 0, hitCount = 55, missCount = 1]
2024-11-21T19:20:05.560-03:00 DEBUG 47564 --- [           main] org.springframework.test.context.cache   : Spring test ApplicationContext cache statistics: [DefaultContextCache@3b96f8b0 size = 1, maxSize = 32, parentContextCount = 0, hitCount = 56, missCount = 1]
2024-11-21T19:20:05.560-03:00 DEBUG 47564 --- [           main] org.springframework.test.context.cache   : Spring test ApplicationContext cache statistics: [DefaultContextCache@3b96f8b0 size = 1, maxSize = 32, parentContextCount = 0, hitCount = 57, missCount = 1]
2024-11-21T19:20:05.561-03:00 DEBUG 47564 --- [           main] org.springframework.test.context.cache   : Spring test ApplicationContext cache statistics: [DefaultContextCache@3b96f8b0 size = 1, maxSize = 32, parentContextCount = 0, hitCount = 58, missCount = 1]
2024-11-21T19:20:05.562-03:00 DEBUG 47564 --- [           main] org.springframework.test.context.cache   : Spring test ApplicationContext cache statistics: [DefaultContextCache@3b96f8b0 size = 1, maxSize = 32, parentContextCount = 0, hitCount = 59, missCount = 1]
2024-11-21T19:20:05.562-03:00 DEBUG 47564 --- [           main] .c.s.DirtiesContextTestExecutionListener : After test method: class [ProcessoControllerTest], method [salvarProcessoErroValidacao], class annotated with @DirtiesContext [false] with mode [null], method annotated with @DirtiesContext [false] with mode [null]
]]></system-out>
  </testcase>
</testsuite>